Processed 1000000 lines 3376.97 keV
Processed 2000000 lines 7514.89 keV
Processed 3000000 lines 19032.9 keV
Number of hits out of range: 66
Number of hits in run: 3147887
Total equivalent energy deposited in phantom: 2.27779e+07 keV
Total equivalent energy deposited in hottest 1000 g: 1.45184e+07 keV
Total equivalent energy deposited in hottest 100 g: 6.10713e+06 keV
Total equivalent energy deposited in hottest 10 g: 1.97775e+06 keV
Total equivalent energy deposited in hottest 1 g: 579055 keV
rank, total equivalent energy (keV),(uncertainty (keV)),x,y,z: 0 148067 (26.9426) 0.25 -0.25 -0.25
rank, total equivalent energy (keV),(uncertainty (keV)),x,y,z: 1 120578 (18.893) 0.25 0.25 -0.25
rank, total equivalent energy (keV),(uncertainty (keV)),x,y,z: 2 87900.2 (17.5883) -0.25 -0.25 -0.25
rank, total equivalent energy (keV),(uncertainty (keV)),x,y,z: 3 83041.7 (14.4032) -0.25 0.25 -0.25
rank, total equivalent energy (keV),(uncertainty (keV)),x,y,z: 4 42206.3 (53.1268) 1.25 0.25 -0.25
rank, total equivalent energy (keV),(uncertainty (keV)),x,y,z: 5 40255.1 (10.1453) 0.25 -0.25 0.25
rank, total equivalent energy (keV),(uncertainty (keV)),x,y,z: 6 30197.7 (17.1372) 0.25 0.25 0.25
rank, total equivalent energy (keV),(uncertainty (keV)),x,y,z: 7 26809 (102.429) 2.75 0.75 2.25
rank, total equivalent energy (keV),(uncertainty (keV)),x,y,z: 8 24776.1 (129.192) 9.75 -3.75 43.25
rank, total equivalent energy (keV),(uncertainty (keV)),x,y,z: 9 24699.8 (98.931) 3.25 2.25 1.25
